<?xml version="1.0" encoding="UTF-8"?>
<!-- Generated by org.testng.reporters.JUnitReportReporter -->
<testsuite hostname="ShubhamDighe" failures="0" tests="5" name="runner.TestRunner" time="18.355" errors="0" timestamp="2024-03-28T15:26:26 IST" skipped="0">
  <testcase classname="runner.TestRunner" name="runScenario" time="4.015"/>
  <testcase classname="runner.TestRunner" name="runScenario" time="2.686"/>
  <testcase classname="runner.TestRunner" name="runScenario" time="2.507"/>
  <testcase classname="runner.TestRunner" name="runScenario" time="6.348"/>
  <testcase classname="runner.TestRunner" name="runScenario" time="2.799"/>
</testsuite> <!-- runner.TestRunner -->
