<?xml version="1.0" encoding="UTF-8"?>
<!-- Generated by org.testng.reporters.JUnitReportReporter -->
<testsuite hostname="ShubhamDighe" failures="0" tests="5" name="runner.TestRunner" time="14.947" errors="0" timestamp="2024-04-13T12:07:26 IST" skipped="0">
  <testcase classname="runner.TestRunner" name="runScenario" time="2.640"/>
  <testcase classname="runner.TestRunner" name="runScenario" time="4.050"/>
  <testcase classname="runner.TestRunner" name="runScenario" time="2.622"/>
  <testcase classname="runner.TestRunner" name="runScenario" time="2.654"/>
  <testcase classname="runner.TestRunner" name="runScenario" time="2.981"/>
</testsuite> <!-- runner.TestRunner -->
